<?xml version="1.0" encoding="UTF-8"?>
<!-- Generated by org.testng.reporters.JUnitXMLReporter -->
<testsuite ignored="3" hostname="saif" failures="0" tests="1" name="Test" time="13.433" errors="0" timestamp="2022-10-02T18:23:26 IST">
  <testcase classname="test.ZerodhaLogInPageTest" name="validateZeodhaLogIn" time="3.522"/>
  <testcase classname="test.ZerodhaLogInPageTest" name="validateProblemWirhPin" time="0.0">
    <ignored/>
  </testcase> <!-- validateProblemWirhPin -->
  <testcase classname="test.ZerodhaLogInPageTest" name="validateSignupLink" time="0.0">
    <ignored/>
  </testcase> <!-- validateSignupLink -->
  <testcase classname="test.ZerodhaLogInPageTest" name="validateForgotUserId" time="0.0">
    <ignored/>
  </testcase> <!-- validateForgotUserId -->
</testsuite> <!-- Test -->
