<?xml version="1.0" encoding="UTF-8"?>
<testng-results ignored="0" total="2" passed="2" failed="0" skipped="0">
  <reporter-output>
  </reporter-output>
  <suite started-at="2022-11-24T17:15:35 IST" name="Default suite" finished-at="2022-11-24T17:15:56 IST" duration-ms="21581">
    <groups>
    </groups>
    <test started-at="2022-11-24T17:15:35 IST" name="Default test" finished-at="2022-11-24T17:15:56 IST" duration-ms="21581">
      <class name="test.CrossBrowserTesting">
        <test-method signature="EdgeBrowserTesting()[pri:0, instance:test.CrossBrowserTesting@20ccf40b]" started-at="2022-11-24T17:15:35 IST" name="EdgeBrowserTesting" finished-at="2022-11-24T17:15:48 IST" duration-ms="13602" status="PASS">
          <reporter-output>
          </reporter-output>
        </test-method> <!-- EdgeBrowserTesting -->
        <test-method signature="chromeBrowserTesting()[pri:0, instance:test.CrossBrowserTesting@20ccf40b]" started-at="2022-11-24T17:15:48 IST" name="chromeBrowserTesting" finished-at="2022-11-24T17:15:56 IST" duration-ms="7913" status="PASS">
          <reporter-output>
          </reporter-output>
        </test-method> <!-- chromeBrowserTesting -->
      </class> <!-- test.CrossBrowserTesting -->
    </test> <!-- Default test -->
  </suite> <!-- Default suite -->
</testng-results>
